<?xml version='1.0'?>
<ns2:test-suite xmlns:ns2='urn:model.allure.qatools.yandex.ru' start='1614550427760' stop='1614550458829'>
    <name>Extract video comments</name>
    <title>Extract video comments</title>
    <test-cases>
        <test-case start='1614550427760' status='broken' stop='1614550428755'>
            <name>navigate to the video URL</name>
            <title>navigate to the video URL</title>
            <labels>
                <label name='language' value='javascript'/>
                <label name='framework' value='wdio'/>
                <label name='thread' value='0-0'/>
            </labels>
            <parameters>
                <parameter kind='argument' name='browser' value='chrome-88.0.4324.190'/>
            </parameters>
            <steps/>
            <attachments/>
            <failure>
                <message>unknown error: net::ERR_NAME_NOT_RESOLVED
                  (Session info: chrome=88.0.4324.190)</message>
                <stack-trace>unknown error: net::ERR_NAME_NOT_RESOLVED
                  (Session info: chrome=88.0.4324.190)
                    at Object.getErrorFromResponseBody (C:\Users\sihle\Documents\WebdriverTestAutomation\UtubeContentExtraction\node_modules\webdriver\build\utils.js:94:12)
                    at WebDriverRequest._request (C:\Users\sihle\Documents\WebdriverTestAutomation\UtubeContentExtraction\node_modules\webdriver\build\request.js:134:31)
                    at processTicksAndRejections (internal/process/task_queues.js:97:5)
                    at async Browser.runCommandWithHooks (C:\Users\sihle\Documents\WebdriverTestAutomation\UtubeContentExtraction\node_modules\@wdio\sync\build\wrapCommand.js:70:25)
                    at Browser.runCommandWithHooks (C:\Users\sihle\Documents\WebdriverTestAutomation\UtubeContentExtraction\node_modules\@wdio\sync\build\wrapCommand.js:65:24)
                    at Browser.wrapCommandFn (C:\Users\sihle\Documents\WebdriverTestAutomation\UtubeContentExtraction\node_modules\@wdio\sync\build\wrapCommand.js:44:44)
                    at Context.&lt;anonymous> (C:\Users\sihle\Documents\WebdriverTestAutomation\UtubeContentExtraction\test\ExtractUtubeComments.js:9:17)
                    at Context.executeSync (C:\Users\sihle\Documents\WebdriverTestAutomation\UtubeContentExtraction\node_modules\@wdio\sync\build\index.js:25:22)
                    at C:\Users\sihle\Documents\WebdriverTestAutomation\UtubeContentExtraction\node_modules\@wdio\sync\build\index.js:46:68</stack-trace>
            </failure>
        </test-case>
        <test-case start='1614550428756' status='broken' stop='1614550458827'>
            <name>should extract comments list</name>
            <title>should extract comments list</title>
            <labels>
                <label name='language' value='javascript'/>
                <label name='framework' value='wdio'/>
                <label name='thread' value='0-0'/>
            </labels>
            <parameters>
                <parameter kind='argument' name='browser' value='chrome-88.0.4324.190'/>
            </parameters>
            <steps/>
            <attachments/>
            <failure>
                <message>element ("div#container video") still not displayed after 30000ms</message>
                <stack-trace>Error: element ("div#container video") still not displayed after 30000ms
                    at C:\Users\sihle\Documents\WebdriverTestAutomation\UtubeContentExtraction\node_modules\webdriverio\build\commands\browser\waitUntil.js:22:23
                    at async Element.elementErrorHandlerCallbackFn (C:\Users\sihle\Documents\WebdriverTestAutomation\UtubeContentExtraction\node_modules\webdriverio\build\middlewares.js:17:32)
                    at async Element.runCommandWithHooks (C:\Users\sihle\Documents\WebdriverTestAutomation\UtubeContentExtraction\node_modules\@wdio\sync\build\wrapCommand.js:70:25)
                    at Element.runCommandWithHooks (C:\Users\sihle\Documents\WebdriverTestAutomation\UtubeContentExtraction\node_modules\@wdio\sync\build\wrapCommand.js:65:24)
                    at Element.wrapCommandFn (C:\Users\sihle\Documents\WebdriverTestAutomation\UtubeContentExtraction\node_modules\@wdio\sync\build\wrapCommand.js:44:44)
                    at Element.elementErrorHandlerCallback (C:\Users\sihle\Documents\WebdriverTestAutomation\UtubeContentExtraction\node_modules\webdriverio\build\middlewares.js:34:12)
                    at Element.waitForDisplayed (C:\Users\sihle\Documents\WebdriverTestAutomation\UtubeContentExtraction\node_modules\webdriverio\build\commands\element\waitForDisplayed.js:4:17)
                    at Element.wrapCommandFn (C:\Users\sihle\Documents\WebdriverTestAutomation\UtubeContentExtraction\node_modules\@wdio\sync\build\wrapCommand.js:40:23)
                    at Element.elementErrorHandlerCallbackFn (C:\Users\sihle\Documents\WebdriverTestAutomation\UtubeContentExtraction\node_modules\webdriverio\build\middlewares.js:17:65)
                    at processTicksAndRejections (internal/process/task_queues.js:97:5)
                    at Homepage.ExtractContent (C:\Users\sihle\Documents\WebdriverTestAutomation\UtubeContentExtraction\test\pageobjects\comments.page.js:19:17)
                    at Context.&lt;anonymous> (C:\Users\sihle\Documents\WebdriverTestAutomation\UtubeContentExtraction\test\ExtractUtubeComments.js:27:19)
                    at Context.executeSync (C:\Users\sihle\Documents\WebdriverTestAutomation\UtubeContentExtraction\node_modules\@wdio\sync\build\index.js:25:22)
                    at C:\Users\sihle\Documents\WebdriverTestAutomation\UtubeContentExtraction\node_modules\@wdio\sync\build\index.js:46:68</stack-trace>
            </failure>
        </test-case>
    </test-cases>
</ns2:test-suite>