<?xml version='1.0'?>
<ns2:test-suite xmlns:ns2='urn:model.allure.qatools.yandex.ru' start='1614341698923' stop='1614341849020'>
    <name>Extract video comments</name>
    <title>Extract video comments</title>
    <test-cases>
        <test-case start='1614341698923' status='broken' stop='1614341818928'>
            <name>navigate to the video URL</name>
            <title>navigate to the video URL</title>
            <labels>
                <label name='language' value='javascript'/>
                <label name='framework' value='wdio'/>
                <label name='thread' value='0-0'/>
            </labels>
            <parameters>
                <parameter kind='argument' name='browser' value='chrome-88.0.4324.182'/>
            </parameters>
            <steps/>
            <attachments/>
            <failure>
                <message>Timeout of 120000ms exceeded. The execution in the test "Extract video comments navigate to the video URL" took too long. Try to reduce the run time or increase your timeout for test specs (https://webdriver.io/docs/timeouts.html). (C:\Users\sihle\Documents\WebdriverTestAutomation\UtubeContentExtraction\test\ExtractUtubeComments.js)</message>
                <stack-trace>Error: Timeout of 120000ms exceeded. The execution in the test "Extract video comments navigate to the video URL" took too long. Try to reduce the run time or increase your timeout for test specs (https://webdriver.io/docs/timeouts.html). (C:\Users\sihle\Documents\WebdriverTestAutomation\UtubeContentExtraction\test\ExtractUtubeComments.js)
                    at Test.Runnable._timeoutError (C:\Users\sihle\Documents\WebdriverTestAutomation\UtubeContentExtraction\node_modules\mocha\lib\runnable.js:432:10)
                    at Timeout.&lt;anonymous> (C:\Users\sihle\Documents\WebdriverTestAutomation\UtubeContentExtraction\node_modules\mocha\lib\runnable.js:244:24)
                    at listOnTimeout (internal/timers.js:549:17)
                    at processTimers (internal/timers.js:492:7)</stack-trace>
            </failure>
        </test-case>
        <test-case start='1614341818929' status='failed' stop='1614341849018'>
            <name>should extract comments list</name>
            <title>should extract comments list</title>
            <labels>
                <label name='language' value='javascript'/>
                <label name='framework' value='wdio'/>
                <label name='thread' value='0-0'/>
            </labels>
            <parameters>
                <parameter kind='argument' name='browser' value='chrome-88.0.4324.182'/>
            </parameters>
            <steps/>
            <attachments/>
            <failure>
                <message>Expect $$(`ytd-comment-thread-renderer.ytd-item-section-renderer`) to be existing
                
                Expected: "existing"
                Received: "not existing"</message>
                <stack-trace>Error: Expect $$(`ytd-comment-thread-renderer.ytd-item-section-renderer`) to be existing
                
                Expected: "existing"
                Received: "not existing"
                    at Homepage.ExtractContent (C:\Users\sihle\Documents\WebdriverTestAutomation\UtubeContentExtraction\test\pageobjects\comments.page.js:49:30)
                    at Context.&lt;anonymous> (C:\Users\sihle\Documents\WebdriverTestAutomation\UtubeContentExtraction\test\ExtractUtubeComments.js:32:19)
                    at Context.executeSync (C:\Users\sihle\Documents\WebdriverTestAutomation\UtubeContentExtraction\node_modules\@wdio\sync\build\index.js:25:22)
                    at C:\Users\sihle\Documents\WebdriverTestAutomation\UtubeContentExtraction\node_modules\@wdio\sync\build\index.js:46:68</stack-trace>
            </failure>
        </test-case>
    </test-cases>
</ns2:test-suite>